2016/06/22 10:21:20 [error] [exception.CHttpException.404] CHttpException: The requested view "sparelog" was not found. in C:\xampp\htdocs\yii\framework\web\actions\CViewAction.php:112
Stack trace:
#0 C:\xampp\htdocs\yii\framework\web\actions\CViewAction.php(123): CViewAction->resolveView('sparelog')
#1 C:\xampp\htdocs\yii\framework\web\actions\CAction.php(76): CViewAction->run()
#2 C:\xampp\htdocs\yii\framework\web\CController.php(308): CAction->runWithParams(Array)
#3 C:\xampp\htdocs\yii\framework\web\CController.php(286): CController->runAction(Object(CViewAction))
#4 C:\xampp\htdocs\yii\framework\web\CController.php(265): CController->runActionWithFilters(Object(CViewAction), Array)
#5 C:\xampp\htdocs\yii\framework\web\CWebApplication.php(282): CController->run('page')
#6 C:\xampp\htdocs\yii\framework\web\CWebApplication.php(141): CWebApplication->runController('site/page')
#7 C:\xampp\htdocs\yii\framework\base\CApplication.php(180): CWebApplication->processRequest()
#8 C:\xampp\htdocs\sparelog\index.php(13): CApplication->run()
#9 {main}
REQUEST_URI=/sparelog/index.php?r=site/page&view=sparelog
---
2016/06/22 10:21:45 [error] [exception.CHttpException.404] CHttpException: Unable to resolve the request "sparelog". in C:\xampp\htdocs\yii\framework\web\CWebApplication.php:286
Stack trace:
#0 C:\xampp\htdocs\yii\framework\web\CWebApplication.php(141): CWebApplication->runController('sparelog')
#1 C:\xampp\htdocs\yii\framework\base\CApplication.php(180): CWebApplication->processRequest()
#2 C:\xampp\htdocs\sparelog\index.php(13): CApplication->run()
#3 {main}
REQUEST_URI=/sparelog/index.php?r=sparelog
---
2016/06/22 11:32:13 [error] [exception.CException] CException: account and its behaviors do not have a method or closure named "validatePassword". in C:\xampp\htdocs\yii\framework\base\CComponent.php:266
Stack trace:
#0 C:\xampp\htdocs\yii\framework\db\ar\CActiveRecord.php(227): CComponent->__call('validatePasswor...', Array)
#1 C:\xampp\htdocs\sparelog\protected\components\UserIdentity.php(28): CActiveRecord->__call('validatePasswor...', Array)
#2 C:\xampp\htdocs\sparelog\protected\models\LoginForm.php(52): UserIdentity->authenticate()
#3 C:\xampp\htdocs\yii\framework\validators\CInlineValidator.php(42): LoginForm->authenticate('password', Array)
#4 C:\xampp\htdocs\yii\framework\validators\CValidator.php(213): CInlineValidator->validateAttribute(Object(LoginForm), 'password')
#5 C:\xampp\htdocs\yii\framework\base\CModel.php(159): CValidator->validate(Object(LoginForm), Array)
#6 C:\xampp\htdocs\sparelog\protected\controllers\SiteController.php(94): CModel->validate()
#7 C:\xampp\htdocs\yii\framework\web\actions\CInlineAction.php(49): SiteController->actionLogin()
#8 C:\xampp\htdocs\yii\framework\web\CController.php(308): CInlineAction->runWithParams(Array)
#9 C:\xampp\htdocs\yii\framework\web\CController.php(286): CController->runAction(Object(CInlineAction))
#10 C:\xampp\htdocs\yii\framework\web\CController.php(265): CController->runActionWithFilters(Object(CInlineAction), Array)
#11 C:\xampp\htdocs\yii\framework\web\CWebApplication.php(282): CController->run('login')
#12 C:\xampp\htdocs\yii\framework\web\CWebApplication.php(141): CWebApplication->runController('site/login')
#13 C:\xampp\htdocs\yii\framework\base\CApplication.php(180): CWebApplication->processRequest()
#14 C:\xampp\htdocs\sparelog\index.php(13): CApplication->run()
#15 {main}
REQUEST_URI=/sparelog/index.php?r=site/login
HTTP_REFERER=http://localhost/sparelog/index.php?r=site/login
---
2016/06/22 11:33:53 [error] [exception.CException] CException: Property "account.enkrip" is not defined. in C:\xampp\htdocs\yii\framework\base\CComponent.php:130
Stack trace:
#0 C:\xampp\htdocs\yii\framework\db\ar\CActiveRecord.php(145): CComponent->__get('enkrip')
#1 C:\xampp\htdocs\sparelog\protected\models\account.php(110): CActiveRecord->__get('enkrip')
#2 C:\xampp\htdocs\sparelog\protected\components\UserIdentity.php(28): account->validatePassword('admin')
#3 C:\xampp\htdocs\sparelog\protected\models\LoginForm.php(52): UserIdentity->authenticate()
#4 C:\xampp\htdocs\yii\framework\validators\CInlineValidator.php(42): LoginForm->authenticate('password', Array)
#5 C:\xampp\htdocs\yii\framework\validators\CValidator.php(213): CInlineValidator->validateAttribute(Object(LoginForm), 'password')
#6 C:\xampp\htdocs\yii\framework\base\CModel.php(159): CValidator->validate(Object(LoginForm), Array)
#7 C:\xampp\htdocs\sparelog\protected\controllers\SiteController.php(94): CModel->validate()
#8 C:\xampp\htdocs\yii\framework\web\actions\CInlineAction.php(49): SiteController->actionLogin()
#9 C:\xampp\htdocs\yii\framework\web\CController.php(308): CInlineAction->runWithParams(Array)
#10 C:\xampp\htdocs\yii\framework\web\CController.php(286): CController->runAction(Object(CInlineAction))
#11 C:\xampp\htdocs\yii\framework\web\CController.php(265): CController->runActionWithFilters(Object(CInlineAction), Array)
#12 C:\xampp\htdocs\yii\framework\web\CWebApplication.php(282): CController->run('login')
#13 C:\xampp\htdocs\yii\framework\web\CWebApplication.php(141): CWebApplication->runController('site/login')
#14 C:\xampp\htdocs\yii\framework\base\CApplication.php(180): CWebApplication->processRequest()
#15 C:\xampp\htdocs\sparelog\index.php(13): CApplication->run()
#16 {main}
REQUEST_URI=/sparelog/index.php?r=site/login
HTTP_REFERER=http://localhost/sparelog/index.php?r=site/login
---
2016/06/22 11:39:17 [error] [exception.CHttpException.404] CHttpException: The requested view "office" was not found. in C:\xampp\htdocs\yii\framework\web\actions\CViewAction.php:112
Stack trace:
#0 C:\xampp\htdocs\yii\framework\web\actions\CViewAction.php(123): CViewAction->resolveView('office')
#1 C:\xampp\htdocs\yii\framework\web\actions\CAction.php(76): CViewAction->run()
#2 C:\xampp\htdocs\yii\framework\web\CController.php(308): CAction->runWithParams(Array)
#3 C:\xampp\htdocs\yii\framework\web\CController.php(286): CController->runAction(Object(CViewAction))
#4 C:\xampp\htdocs\yii\framework\web\CController.php(265): CController->runActionWithFilters(Object(CViewAction), Array)
#5 C:\xampp\htdocs\yii\framework\web\CWebApplication.php(282): CController->run('page')
#6 C:\xampp\htdocs\yii\framework\web\CWebApplication.php(141): CWebApplication->runController('site/page')
#7 C:\xampp\htdocs\yii\framework\base\CApplication.php(180): CWebApplication->processRequest()
#8 C:\xampp\htdocs\sparelog\index.php(13): CApplication->run()
#9 {main}
REQUEST_URI=/sparelog/index.php?r=site/page&view=office
HTTP_REFERER=http://localhost/sparelog/index.php
---
2016/06/22 11:40:06 [error] [exception.CHttpException.404] CHttpException: The requested view "office" was not found. in C:\xampp\htdocs\yii\framework\web\actions\CViewAction.php:112
Stack trace:
#0 C:\xampp\htdocs\yii\framework\web\actions\CViewAction.php(123): CViewAction->resolveView('office')
#1 C:\xampp\htdocs\yii\framework\web\actions\CAction.php(76): CViewAction->run()
#2 C:\xampp\htdocs\yii\framework\web\CController.php(308): CAction->runWithParams(Array)
#3 C:\xampp\htdocs\yii\framework\web\CController.php(286): CController->runAction(Object(CViewAction))
#4 C:\xampp\htdocs\yii\framework\web\CController.php(265): CController->runActionWithFilters(Object(CViewAction), Array)
#5 C:\xampp\htdocs\yii\framework\web\CWebApplication.php(282): CController->run('page')
#6 C:\xampp\htdocs\yii\framework\web\CWebApplication.php(141): CWebApplication->runController('site/page')
#7 C:\xampp\htdocs\yii\framework\base\CApplication.php(180): CWebApplication->processRequest()
#8 C:\xampp\htdocs\sparelog\index.php(13): CApplication->run()
#9 {main}
REQUEST_URI=/sparelog/index.php?r=site/page&view=office
HTTP_REFERER=http://localhost/sparelog/index.php
---
2016/06/22 11:40:07 [error] [exception.CHttpException.404] CHttpException: The requested view "office" was not found. in C:\xampp\htdocs\yii\framework\web\actions\CViewAction.php:112
Stack trace:
#0 C:\xampp\htdocs\yii\framework\web\actions\CViewAction.php(123): CViewAction->resolveView('office')
#1 C:\xampp\htdocs\yii\framework\web\actions\CAction.php(76): CViewAction->run()
#2 C:\xampp\htdocs\yii\framework\web\CController.php(308): CAction->runWithParams(Array)
#3 C:\xampp\htdocs\yii\framework\web\CController.php(286): CController->runAction(Object(CViewAction))
#4 C:\xampp\htdocs\yii\framework\web\CController.php(265): CController->runActionWithFilters(Object(CViewAction), Array)
#5 C:\xampp\htdocs\yii\framework\web\CWebApplication.php(282): CController->run('page')
#6 C:\xampp\htdocs\yii\framework\web\CWebApplication.php(141): CWebApplication->runController('site/page')
#7 C:\xampp\htdocs\yii\framework\base\CApplication.php(180): CWebApplication->processRequest()
#8 C:\xampp\htdocs\sparelog\index.php(13): CApplication->run()
#9 {main}
REQUEST_URI=/sparelog/index.php?r=site/page&view=office
HTTP_REFERER=http://localhost/sparelog/index.php
---
2016/06/22 11:40:07 [error] [exception.CHttpException.404] CHttpException: The requested view "office" was not found. in C:\xampp\htdocs\yii\framework\web\actions\CViewAction.php:112
Stack trace:
#0 C:\xampp\htdocs\yii\framework\web\actions\CViewAction.php(123): CViewAction->resolveView('office')
#1 C:\xampp\htdocs\yii\framework\web\actions\CAction.php(76): CViewAction->run()
#2 C:\xampp\htdocs\yii\framework\web\CController.php(308): CAction->runWithParams(Array)
#3 C:\xampp\htdocs\yii\framework\web\CController.php(286): CController->runAction(Object(CViewAction))
#4 C:\xampp\htdocs\yii\framework\web\CController.php(265): CController->runActionWithFilters(Object(CViewAction), Array)
#5 C:\xampp\htdocs\yii\framework\web\CWebApplication.php(282): CController->run('page')
#6 C:\xampp\htdocs\yii\framework\web\CWebApplication.php(141): CWebApplication->runController('site/page')
#7 C:\xampp\htdocs\yii\framework\base\CApplication.php(180): CWebApplication->processRequest()
#8 C:\xampp\htdocs\sparelog\index.php(13): CApplication->run()
#9 {main}
REQUEST_URI=/sparelog/index.php?r=site/page&view=office
HTTP_REFERER=http://localhost/sparelog/index.php
---
2016/06/22 11:40:07 [error] [exception.CHttpException.404] CHttpException: The requested view "office" was not found. in C:\xampp\htdocs\yii\framework\web\actions\CViewAction.php:112
Stack trace:
#0 C:\xampp\htdocs\yii\framework\web\actions\CViewAction.php(123): CViewAction->resolveView('office')
#1 C:\xampp\htdocs\yii\framework\web\actions\CAction.php(76): CViewAction->run()
#2 C:\xampp\htdocs\yii\framework\web\CController.php(308): CAction->runWithParams(Array)
#3 C:\xampp\htdocs\yii\framework\web\CController.php(286): CController->runAction(Object(CViewAction))
#4 C:\xampp\htdocs\yii\framework\web\CController.php(265): CController->runActionWithFilters(Object(CViewAction), Array)
#5 C:\xampp\htdocs\yii\framework\web\CWebApplication.php(282): CController->run('page')
#6 C:\xampp\htdocs\yii\framework\web\CWebApplication.php(141): CWebApplication->runController('site/page')
#7 C:\xampp\htdocs\yii\framework\base\CApplication.php(180): CWebApplication->processRequest()
#8 C:\xampp\htdocs\sparelog\index.php(13): CApplication->run()
#9 {main}
REQUEST_URI=/sparelog/index.php?r=site/page&view=office
HTTP_REFERER=http://localhost/sparelog/index.php
---
2016/06/22 11:40:08 [error] [exception.CHttpException.404] CHttpException: The requested view "office" was not found. in C:\xampp\htdocs\yii\framework\web\actions\CViewAction.php:112
Stack trace:
#0 C:\xampp\htdocs\yii\framework\web\actions\CViewAction.php(123): CViewAction->resolveView('office')
#1 C:\xampp\htdocs\yii\framework\web\actions\CAction.php(76): CViewAction->run()
#2 C:\xampp\htdocs\yii\framework\web\CController.php(308): CAction->runWithParams(Array)
#3 C:\xampp\htdocs\yii\framework\web\CController.php(286): CController->runAction(Object(CViewAction))
#4 C:\xampp\htdocs\yii\framework\web\CController.php(265): CController->runActionWithFilters(Object(CViewAction), Array)
#5 C:\xampp\htdocs\yii\framework\web\CWebApplication.php(282): CController->run('page')
#6 C:\xampp\htdocs\yii\framework\web\CWebApplication.php(141): CWebApplication->runController('site/page')
#7 C:\xampp\htdocs\yii\framework\base\CApplication.php(180): CWebApplication->processRequest()
#8 C:\xampp\htdocs\sparelog\index.php(13): CApplication->run()
#9 {main}
REQUEST_URI=/sparelog/index.php?r=site/page&view=office
HTTP_REFERER=http://localhost/sparelog/index.php
---
2016/06/22 11:40:08 [error] [exception.CHttpException.404] CHttpException: The requested view "office" was not found. in C:\xampp\htdocs\yii\framework\web\actions\CViewAction.php:112
Stack trace:
#0 C:\xampp\htdocs\yii\framework\web\actions\CViewAction.php(123): CViewAction->resolveView('office')
#1 C:\xampp\htdocs\yii\framework\web\actions\CAction.php(76): CViewAction->run()
#2 C:\xampp\htdocs\yii\framework\web\CController.php(308): CAction->runWithParams(Array)
#3 C:\xampp\htdocs\yii\framework\web\CController.php(286): CController->runAction(Object(CViewAction))
#4 C:\xampp\htdocs\yii\framework\web\CController.php(265): CController->runActionWithFilters(Object(CViewAction), Array)
#5 C:\xampp\htdocs\yii\framework\web\CWebApplication.php(282): CController->run('page')
#6 C:\xampp\htdocs\yii\framework\web\CWebApplication.php(141): CWebApplication->runController('site/page')
#7 C:\xampp\htdocs\yii\framework\base\CApplication.php(180): CWebApplication->processRequest()
#8 C:\xampp\htdocs\sparelog\index.php(13): CApplication->run()
#9 {main}
REQUEST_URI=/sparelog/index.php?r=site/page&view=office
HTTP_REFERER=http://localhost/sparelog/index.php
---
2016/06/22 11:40:09 [error] [exception.CHttpException.404] CHttpException: The requested view "office" was not found. in C:\xampp\htdocs\yii\framework\web\actions\CViewAction.php:112
Stack trace:
#0 C:\xampp\htdocs\yii\framework\web\actions\CViewAction.php(123): CViewAction->resolveView('office')
#1 C:\xampp\htdocs\yii\framework\web\actions\CAction.php(76): CViewAction->run()
#2 C:\xampp\htdocs\yii\framework\web\CController.php(308): CAction->runWithParams(Array)
#3 C:\xampp\htdocs\yii\framework\web\CController.php(286): CController->runAction(Object(CViewAction))
#4 C:\xampp\htdocs\yii\framework\web\CController.php(265): CController->runActionWithFilters(Object(CViewAction), Array)
#5 C:\xampp\htdocs\yii\framework\web\CWebApplication.php(282): CController->run('page')
#6 C:\xampp\htdocs\yii\framework\web\CWebApplication.php(141): CWebApplication->runController('site/page')
#7 C:\xampp\htdocs\yii\framework\base\CApplication.php(180): CWebApplication->processRequest()
#8 C:\xampp\htdocs\sparelog\index.php(13): CApplication->run()
#9 {main}
REQUEST_URI=/sparelog/index.php?r=site/page&view=office
HTTP_REFERER=http://localhost/sparelog/index.php
---
2016/06/23 04:17:39 [error] [exception.Error] Error: Access to undeclared static property: Yii::$app in C:\xampp\htdocs\sparelog\protected\controllers\OfficeController.php:70
Stack trace:
#0 C:\xampp\htdocs\yii\framework\web\actions\CInlineAction.php(49): OfficeController->actionCreate()
#1 C:\xampp\htdocs\yii\framework\web\CController.php(308): CInlineAction->runWithParams(Array)
#2 C:\xampp\htdocs\yii\framework\web\filters\CFilterChain.php(133): CController->runAction(Object(CInlineAction))
#3 C:\xampp\htdocs\yii\framework\web\filters\CFilter.php(40): CFilterChain->run()
#4 C:\xampp\htdocs\yii\framework\web\CController.php(1145): CFilter->filter(Object(CFilterChain))
#5 C:\xampp\htdocs\yii\framework\web\filters\CInlineFilter.php(58): CController->filterAccessControl(Object(CFilterChain))
#6 C:\xampp\htdocs\yii\framework\web\filters\CFilterChain.php(130): CInlineFilter->filter(Object(CFilterChain))
#7 C:\xampp\htdocs\yii\framework\web\CController.php(291): CFilterChain->run()
#8 C:\xampp\htdocs\yii\framework\web\CController.php(265): CController->runActionWithFilters(Object(CInlineAction), Array)
#9 C:\xampp\htdocs\yii\framework\web\CWebApplication.php(282): CController->run('create')
#10 C:\xampp\htdocs\yii\framework\web\CWebApplication.php(141): CWebApplication->runController('office/create')
#11 C:\xampp\htdocs\yii\framework\base\CApplication.php(180): CWebApplication->processRequest()
#12 C:\xampp\htdocs\sparelog\index.php(13): CApplication->run()
#13 {main}
REQUEST_URI=/sparelog/index.php?r=office/create
HTTP_REFERER=http://localhost/sparelog/index.php?r=site/login
---
2016/06/23 04:38:05 [error] [php] The use statement with non-compound name 'Yii' has no effect (C:\xampp\htdocs\sparelog\protected\controllers\OfficeController.php:5)
Stack trace:
#0 C:\xampp\htdocs\yii\framework\web\CWebApplication.php(141): CWebApplication->runController()
#1 C:\xampp\htdocs\yii\framework\base\CApplication.php(180): CWebApplication->processRequest()
#2 C:\xampp\htdocs\sparelog\index.php(13): CWebApplication->run()
REQUEST_URI=/sparelog/index.php?r=office/create
in C:\xampp\htdocs\sparelog\index.php (13)
2016/06/23 04:50:18 [error] [php] The use statement with non-compound name 'Yii' has no effect (C:\xampp\htdocs\sparelog\protected\controllers\OfficeController.php:5)
Stack trace:
#0 C:\xampp\htdocs\yii\framework\web\CWebApplication.php(141): CWebApplication->runController()
#1 C:\xampp\htdocs\yii\framework\base\CApplication.php(180): CWebApplication->processRequest()
#2 C:\xampp\htdocs\sparelog\index.php(13): CWebApplication->run()
REQUEST_URI=/sparelog/index.php?r=office/create
in C:\xampp\htdocs\sparelog\index.php (13)
2016/06/23 04:51:24 [error] [exception.Error] Error: Access to undeclared static property: Yii::$app in C:\xampp\htdocs\sparelog\protected\controllers\OfficeController.php:76
Stack trace:
#0 C:\xampp\htdocs\yii\framework\web\actions\CInlineAction.php(49): OfficeController->actionCreate()
#1 C:\xampp\htdocs\yii\framework\web\CController.php(308): CInlineAction->runWithParams(Array)
#2 C:\xampp\htdocs\yii\framework\web\filters\CFilterChain.php(133): CController->runAction(Object(CInlineAction))
#3 C:\xampp\htdocs\yii\framework\web\filters\CFilter.php(40): CFilterChain->run()
#4 C:\xampp\htdocs\yii\framework\web\CController.php(1145): CFilter->filter(Object(CFilterChain))
#5 C:\xampp\htdocs\yii\framework\web\filters\CInlineFilter.php(58): CController->filterAccessControl(Object(CFilterChain))
#6 C:\xampp\htdocs\yii\framework\web\filters\CFilterChain.php(130): CInlineFilter->filter(Object(CFilterChain))
#7 C:\xampp\htdocs\yii\framework\web\CController.php(291): CFilterChain->run()
#8 C:\xampp\htdocs\yii\framework\web\CController.php(265): CController->runActionWithFilters(Object(CInlineAction), Array)
#9 C:\xampp\htdocs\yii\framework\web\CWebApplication.php(282): CController->run('create')
#10 C:\xampp\htdocs\yii\framework\web\CWebApplication.php(141): CWebApplication->runController('office/create')
#11 C:\xampp\htdocs\yii\framework\base\CApplication.php(180): CWebApplication->processRequest()
#12 C:\xampp\htdocs\sparelog\index.php(13): CApplication->run()
#13 {main}
REQUEST_URI=/sparelog/index.php?r=office/create
HTTP_REFERER=http://localhost/sparelog/index.php?r=site/login
---
2016/06/23 04:51:25 [error] [exception.Error] Error: Access to undeclared static property: Yii::$app in C:\xampp\htdocs\sparelog\protected\controllers\OfficeController.php:76
Stack trace:
#0 C:\xampp\htdocs\yii\framework\web\actions\CInlineAction.php(49): OfficeController->actionCreate()
#1 C:\xampp\htdocs\yii\framework\web\CController.php(308): CInlineAction->runWithParams(Array)
#2 C:\xampp\htdocs\yii\framework\web\filters\CFilterChain.php(133): CController->runAction(Object(CInlineAction))
#3 C:\xampp\htdocs\yii\framework\web\filters\CFilter.php(40): CFilterChain->run()
#4 C:\xampp\htdocs\yii\framework\web\CController.php(1145): CFilter->filter(Object(CFilterChain))
#5 C:\xampp\htdocs\yii\framework\web\filters\CInlineFilter.php(58): CController->filterAccessControl(Object(CFilterChain))
#6 C:\xampp\htdocs\yii\framework\web\filters\CFilterChain.php(130): CInlineFilter->filter(Object(CFilterChain))
#7 C:\xampp\htdocs\yii\framework\web\CController.php(291): CFilterChain->run()
#8 C:\xampp\htdocs\yii\framework\web\CController.php(265): CController->runActionWithFilters(Object(CInlineAction), Array)
#9 C:\xampp\htdocs\yii\framework\web\CWebApplication.php(282): CController->run('create')
#10 C:\xampp\htdocs\yii\framework\web\CWebApplication.php(141): CWebApplication->runController('office/create')
#11 C:\xampp\htdocs\yii\framework\base\CApplication.php(180): CWebApplication->processRequest()
#12 C:\xampp\htdocs\sparelog\index.php(13): CApplication->run()
#13 {main}
REQUEST_URI=/sparelog/index.php?r=office/create
HTTP_REFERER=http://localhost/sparelog/index.php?r=site/login
---
2016/06/23 04:51:26 [error] [exception.Error] Error: Access to undeclared static property: Yii::$app in C:\xampp\htdocs\sparelog\protected\controllers\OfficeController.php:76
Stack trace:
#0 C:\xampp\htdocs\yii\framework\web\actions\CInlineAction.php(49): OfficeController->actionCreate()
#1 C:\xampp\htdocs\yii\framework\web\CController.php(308): CInlineAction->runWithParams(Array)
#2 C:\xampp\htdocs\yii\framework\web\filters\CFilterChain.php(133): CController->runAction(Object(CInlineAction))
#3 C:\xampp\htdocs\yii\framework\web\filters\CFilter.php(40): CFilterChain->run()
#4 C:\xampp\htdocs\yii\framework\web\CController.php(1145): CFilter->filter(Object(CFilterChain))
#5 C:\xampp\htdocs\yii\framework\web\filters\CInlineFilter.php(58): CController->filterAccessControl(Object(CFilterChain))
#6 C:\xampp\htdocs\yii\framework\web\filters\CFilterChain.php(130): CInlineFilter->filter(Object(CFilterChain))
#7 C:\xampp\htdocs\yii\framework\web\CController.php(291): CFilterChain->run()
#8 C:\xampp\htdocs\yii\framework\web\CController.php(265): CController->runActionWithFilters(Object(CInlineAction), Array)
#9 C:\xampp\htdocs\yii\framework\web\CWebApplication.php(282): CController->run('create')
#10 C:\xampp\htdocs\yii\framework\web\CWebApplication.php(141): CWebApplication->runController('office/create')
#11 C:\xampp\htdocs\yii\framework\base\CApplication.php(180): CWebApplication->processRequest()
#12 C:\xampp\htdocs\sparelog\index.php(13): CApplication->run()
#13 {main}
REQUEST_URI=/sparelog/index.php?r=office/create
HTTP_REFERER=http://localhost/sparelog/index.php?r=site/login
---
2016/06/23 04:51:27 [error] [exception.Error] Error: Access to undeclared static property: Yii::$app in C:\xampp\htdocs\sparelog\protected\controllers\OfficeController.php:76
Stack trace:
#0 C:\xampp\htdocs\yii\framework\web\actions\CInlineAction.php(49): OfficeController->actionCreate()
#1 C:\xampp\htdocs\yii\framework\web\CController.php(308): CInlineAction->runWithParams(Array)
#2 C:\xampp\htdocs\yii\framework\web\filters\CFilterChain.php(133): CController->runAction(Object(CInlineAction))
#3 C:\xampp\htdocs\yii\framework\web\filters\CFilter.php(40): CFilterChain->run()
#4 C:\xampp\htdocs\yii\framework\web\CController.php(1145): CFilter->filter(Object(CFilterChain))
#5 C:\xampp\htdocs\yii\framework\web\filters\CInlineFilter.php(58): CController->filterAccessControl(Object(CFilterChain))
#6 C:\xampp\htdocs\yii\framework\web\filters\CFilterChain.php(130): CInlineFilter->filter(Object(CFilterChain))
#7 C:\xampp\htdocs\yii\framework\web\CController.php(291): CFilterChain->run()
#8 C:\xampp\htdocs\yii\framework\web\CController.php(265): CController->runActionWithFilters(Object(CInlineAction), Array)
#9 C:\xampp\htdocs\yii\framework\web\CWebApplication.php(282): CController->run('create')
#10 C:\xampp\htdocs\yii\framework\web\CWebApplication.php(141): CWebApplication->runController('office/create')
#11 C:\xampp\htdocs\yii\framework\base\CApplication.php(180): CWebApplication->processRequest()
#12 C:\xampp\htdocs\sparelog\index.php(13): CApplication->run()
#13 {main}
REQUEST_URI=/sparelog/index.php?r=office/create
HTTP_REFERER=http://localhost/sparelog/index.php?r=site/login
---
2016/06/23 04:53:54 [error] [php] Missing argument 1 for CHttpRequest::getPost(), called in C:\xampp\htdocs\yii\framework\base\CComponent.php on line 111 and defined (C:\xampp\htdocs\yii\framework\web\CHttpRequest.php:197)
Stack trace:
#0 C:\xampp\htdocs\sparelog\protected\controllers\OfficeController.php(76): CHttpRequest->__call()
#1 C:\xampp\htdocs\yii\framework\web\actions\CInlineAction.php(49): OfficeController->actionCreate()
#2 C:\xampp\htdocs\yii\framework\web\CController.php(308): CInlineAction->runWithParams()
#3 C:\xampp\htdocs\yii\framework\web\filters\CFilterChain.php(133): OfficeController->runAction()
#4 C:\xampp\htdocs\yii\framework\web\filters\CFilter.php(40): CFilterChain->run()
#5 C:\xampp\htdocs\yii\framework\web\CController.php(1145): CAccessControlFilter->filter()
#6 C:\xampp\htdocs\yii\framework\web\filters\CInlineFilter.php(58): OfficeController->filterAccessControl()
#7 C:\xampp\htdocs\yii\framework\web\filters\CFilterChain.php(130): CInlineFilter->filter()
#8 C:\xampp\htdocs\yii\framework\web\CController.php(291): CFilterChain->run()
#9 C:\xampp\htdocs\yii\framework\web\CController.php(265): OfficeController->runActionWithFilters()
#10 C:\xampp\htdocs\yii\framework\web\CWebApplication.php(282): OfficeController->run()
#11 C:\xampp\htdocs\yii\framework\web\CWebApplication.php(141): CWebApplication->runController()
#12 C:\xampp\htdocs\yii\framework\base\CApplication.php(180): CWebApplication->processRequest()
#13 C:\xampp\htdocs\sparelog\index.php(13): CWebApplication->run()
REQUEST_URI=/sparelog/index.php?r=office/create
in C:\xampp\htdocs\sparelog\protected\controllers\OfficeController.php (76)
in C:\xampp\htdocs\sparelog\index.php (13)
2016/06/23 04:56:08 [error] [php] Missing argument 1 for CHttpRequest::getPost(), called in C:\xampp\htdocs\yii\framework\base\CComponent.php on line 111 and defined (C:\xampp\htdocs\yii\framework\web\CHttpRequest.php:197)
Stack trace:
#0 C:\xampp\htdocs\sparelog\protected\controllers\OfficeController.php(76): CHttpRequest->__call()
#1 C:\xampp\htdocs\yii\framework\web\actions\CInlineAction.php(49): OfficeController->actionCreate()
#2 C:\xampp\htdocs\yii\framework\web\CController.php(308): CInlineAction->runWithParams()
#3 C:\xampp\htdocs\yii\framework\web\filters\CFilterChain.php(133): OfficeController->runAction()
#4 C:\xampp\htdocs\yii\framework\web\filters\CFilter.php(40): CFilterChain->run()
#5 C:\xampp\htdocs\yii\framework\web\CController.php(1145): CAccessControlFilter->filter()
#6 C:\xampp\htdocs\yii\framework\web\filters\CInlineFilter.php(58): OfficeController->filterAccessControl()
#7 C:\xampp\htdocs\yii\framework\web\filters\CFilterChain.php(130): CInlineFilter->filter()
#8 C:\xampp\htdocs\yii\framework\web\CController.php(291): CFilterChain->run()
#9 C:\xampp\htdocs\yii\framework\web\CController.php(265): OfficeController->runActionWithFilters()
#10 C:\xampp\htdocs\yii\framework\web\CWebApplication.php(282): OfficeController->run()
#11 C:\xampp\htdocs\yii\framework\web\CWebApplication.php(141): CWebApplication->runController()
#12 C:\xampp\htdocs\yii\framework\base\CApplication.php(180): CWebApplication->processRequest()
#13 C:\xampp\htdocs\sparelog\index.php(13): CWebApplication->run()
REQUEST_URI=/sparelog/index.php?r=office/create
in C:\xampp\htdocs\sparelog\protected\controllers\OfficeController.php (76)
in C:\xampp\htdocs\sparelog\index.php (13)
2016/06/23 05:16:25 [error] [exception.CHttpException.403] CHttpException: You are not authorized to perform this action. in C:\xampp\htdocs\yii\framework\web\auth\CAccessControlFilter.php:182
Stack trace:
#0 C:\xampp\htdocs\yii\framework\web\auth\CAccessControlFilter.php(145): CAccessControlFilter->accessDenied(Object(CWebUser), 'You are not aut...')
#1 C:\xampp\htdocs\yii\framework\web\filters\CFilter.php(38): CAccessControlFilter->preFilter(Object(CFilterChain))
#2 C:\xampp\htdocs\yii\framework\web\CController.php(1145): CFilter->filter(Object(CFilterChain))
#3 C:\xampp\htdocs\yii\framework\web\filters\CInlineFilter.php(58): CController->filterAccessControl(Object(CFilterChain))
#4 C:\xampp\htdocs\yii\framework\web\filters\CFilterChain.php(130): CInlineFilter->filter(Object(CFilterChain))
#5 C:\xampp\htdocs\yii\framework\web\CController.php(291): CFilterChain->run()
#6 C:\xampp\htdocs\yii\framework\web\CController.php(265): CController->runActionWithFilters(Object(CInlineAction), Array)
#7 C:\xampp\htdocs\yii\framework\web\CWebApplication.php(282): CController->run('register')
#8 C:\xampp\htdocs\yii\framework\web\CWebApplication.php(141): CWebApplication->runController('office/register')
#9 C:\xampp\htdocs\yii\framework\base\CApplication.php(180): CWebApplication->processRequest()
#10 C:\xampp\htdocs\sparelog\index.php(13): CApplication->run()
#11 {main}
REQUEST_URI=/sparelog/index.php?r=office/register
---
2016/06/23 05:16:31 [error] [exception.CHttpException.403] CHttpException: You are not authorized to perform this action. in C:\xampp\htdocs\yii\framework\web\auth\CAccessControlFilter.php:182
Stack trace:
#0 C:\xampp\htdocs\yii\framework\web\auth\CAccessControlFilter.php(145): CAccessControlFilter->accessDenied(Object(CWebUser), 'You are not aut...')
#1 C:\xampp\htdocs\yii\framework\web\filters\CFilter.php(38): CAccessControlFilter->preFilter(Object(CFilterChain))
#2 C:\xampp\htdocs\yii\framework\web\CController.php(1145): CFilter->filter(Object(CFilterChain))
#3 C:\xampp\htdocs\yii\framework\web\filters\CInlineFilter.php(58): CController->filterAccessControl(Object(CFilterChain))
#4 C:\xampp\htdocs\yii\framework\web\filters\CFilterChain.php(130): CInlineFilter->filter(Object(CFilterChain))
#5 C:\xampp\htdocs\yii\framework\web\CController.php(291): CFilterChain->run()
#6 C:\xampp\htdocs\yii\framework\web\CController.php(265): CController->runActionWithFilters(Object(CInlineAction), Array)
#7 C:\xampp\htdocs\yii\framework\web\CWebApplication.php(282): CController->run('register')
#8 C:\xampp\htdocs\yii\framework\web\CWebApplication.php(141): CWebApplication->runController('office/register')
#9 C:\xampp\htdocs\yii\framework\base\CApplication.php(180): CWebApplication->processRequest()
#10 C:\xampp\htdocs\sparelog\index.php(13): CApplication->run()
#11 {main}
REQUEST_URI=/sparelog/index.php?r=office/register
---
2016/06/23 05:17:18 [error] [exception.CException] CException: Property "CWebApplication.name_office" is not defined. in C:\xampp\htdocs\yii\framework\base\CComponent.php:130
Stack trace:
#0 C:\xampp\htdocs\yii\framework\base\CModule.php(105): CComponent->__get('name_office')
#1 C:\xampp\htdocs\sparelog\protected\views\office\register.php(2): CModule->__get('name_office')
#2 C:\xampp\htdocs\yii\framework\web\CBaseController.php(126): require('C:\\xampp\\htdocs...')
#3 C:\xampp\htdocs\yii\framework\web\CBaseController.php(95): CBaseController->renderInternal('C:\\xampp\\htdocs...', Array, true)
#4 C:\xampp\htdocs\yii\framework\web\CController.php(869): CBaseController->renderFile('C:\\xampp\\htdocs...', Array, true)
#5 C:\xampp\htdocs\yii\framework\web\CController.php(782): CController->renderPartial('register', Array, true)
#6 C:\xampp\htdocs\sparelog\protected\controllers\OfficeController.php(110): CController->render('register', Array)
#7 C:\xampp\htdocs\yii\framework\web\actions\CInlineAction.php(49): OfficeController->actionRegister()
#8 C:\xampp\htdocs\yii\framework\web\CController.php(308): CInlineAction->runWithParams(Array)
#9 C:\xampp\htdocs\yii\framework\web\filters\CFilterChain.php(133): CController->runAction(Object(CInlineAction))
#10 C:\xampp\htdocs\yii\framework\web\filters\CFilter.php(40): CFilterChain->run()
#11 C:\xampp\htdocs\yii\framework\web\CController.php(1145): CFilter->filter(Object(CFilterChain))
#12 C:\xampp\htdocs\yii\framework\web\filters\CInlineFilter.php(58): CController->filterAccessControl(Object(CFilterChain))
#13 C:\xampp\htdocs\yii\framework\web\filters\CFilterChain.php(130): CInlineFilter->filter(Object(CFilterChain))
#14 C:\xampp\htdocs\yii\framework\web\CController.php(291): CFilterChain->run()
#15 C:\xampp\htdocs\yii\framework\web\CController.php(265): CController->runActionWithFilters(Object(CInlineAction), Array)
#16 C:\xampp\htdocs\yii\framework\web\CWebApplication.php(282): CController->run('register')
#17 C:\xampp\htdocs\yii\framework\web\CWebApplication.php(141): CWebApplication->runController('office/register')
#18 C:\xampp\htdocs\yii\framework\base\CApplication.php(180): CWebApplication->processRequest()
#19 C:\xampp\htdocs\sparelog\index.php(13): CApplication->run()
#20 {main}
REQUEST_URI=/sparelog/index.php?r=office/register
---
2016/06/23 05:25:17 [warning] [application] Failed to set unsafe attribute "username" of "office".
in C:\xampp\htdocs\sparelog\protected\controllers\OfficeController.php (94)
in C:\xampp\htdocs\sparelog\index.php (13)
2016/06/23 05:25:17 [warning] [application] Failed to set unsafe attribute "password" of "office".
in C:\xampp\htdocs\sparelog\protected\controllers\OfficeController.php (94)
in C:\xampp\htdocs\sparelog\index.php (13)
2016/06/23 05:25:17 [warning] [application] Failed to set unsafe attribute "repassword" of "office".
in C:\xampp\htdocs\sparelog\protected\controllers\OfficeController.php (94)
in C:\xampp\htdocs\sparelog\index.php (13)
2016/06/23 05:26:45 [warning] [application] Failed to set unsafe attribute "username" of "office".
in C:\xampp\htdocs\sparelog\protected\controllers\OfficeController.php (94)
in C:\xampp\htdocs\sparelog\index.php (13)
2016/06/23 05:26:45 [warning] [application] Failed to set unsafe attribute "password" of "office".
in C:\xampp\htdocs\sparelog\protected\controllers\OfficeController.php (94)
in C:\xampp\htdocs\sparelog\index.php (13)
2016/06/23 05:26:45 [warning] [application] Failed to set unsafe attribute "repassword" of "office".
in C:\xampp\htdocs\sparelog\protected\controllers\OfficeController.php (94)
in C:\xampp\htdocs\sparelog\index.php (13)
2016/06/23 05:34:43 [warning] [application] Failed to set unsafe attribute "username" of "office".
in C:\xampp\htdocs\sparelog\protected\controllers\OfficeController.php (95)
in C:\xampp\htdocs\sparelog\index.php (13)
2016/06/23 05:34:43 [warning] [application] Failed to set unsafe attribute "password" of "office".
in C:\xampp\htdocs\sparelog\protected\controllers\OfficeController.php (95)
in C:\xampp\htdocs\sparelog\index.php (13)
2016/06/23 05:34:43 [warning] [application] Failed to set unsafe attribute "repassword" of "office".
in C:\xampp\htdocs\sparelog\protected\controllers\OfficeController.php (95)
in C:\xampp\htdocs\sparelog\index.php (13)
2016/06/23 05:41:25 [warning] [application] Failed to set unsafe attribute "username" of "office".
in C:\xampp\htdocs\sparelog\protected\controllers\OfficeController.php (95)
in C:\xampp\htdocs\sparelog\index.php (13)
2016/06/23 05:41:25 [warning] [application] Failed to set unsafe attribute "password" of "office".
in C:\xampp\htdocs\sparelog\protected\controllers\OfficeController.php (95)
in C:\xampp\htdocs\sparelog\index.php (13)
2016/06/23 05:41:25 [warning] [application] Failed to set unsafe attribute "repassword" of "office".
in C:\xampp\htdocs\sparelog\protected\controllers\OfficeController.php (95)
in C:\xampp\htdocs\sparelog\index.php (13)
2016/06/23 05:44:59 [error] [php] include(name.php): failed to open stream: No such file or directory (C:\xampp\htdocs\yii\framework\YiiBase.php:427)
Stack trace:
#0 C:\xampp\htdocs\yii\framework\validators\CValidator.php(186): import()
#1 C:\xampp\htdocs\yii\framework\base\CModel.php(287): createValidator()
#2 C:\xampp\htdocs\yii\framework\base\CModel.php(260): RegistrationForm->createValidators()
#3 C:\xampp\htdocs\yii\framework\base\CModel.php(304): RegistrationForm->getValidators()
#4 C:\xampp\htdocs\yii\framework\web\helpers\CHtml.php(1414): RegistrationForm->isAttributeRequired()
#5 C:\xampp\htdocs\yii\framework\web\widgets\CActiveForm.php(597): activeLabelEx()
#6 C:\xampp\htdocs\sparelog\protected\views\office\register.php(21): CActiveForm->labelEx()
#7 C:\xampp\htdocs\yii\framework\web\CBaseController.php(126): require()
#8 C:\xampp\htdocs\yii\framework\web\CBaseController.php(95): OfficeController->renderInternal()
#9 C:\xampp\htdocs\yii\framework\web\CController.php(869): OfficeController->renderFile()
#10 C:\xampp\htdocs\yii\framework\web\CController.php(782): OfficeController->renderPartial()
#11 C:\xampp\htdocs\sparelog\protected\controllers\OfficeController.php(113): OfficeController->render()
#12 C:\xampp\htdocs\yii\framework\web\actions\CInlineAction.php(49): OfficeController->actionRegister()
#13 C:\xampp\htdocs\yii\framework\web\CController.php(308): CInlineAction->runWithParams()
#14 C:\xampp\htdocs\yii\framework\web\filters\CFilterChain.php(133): OfficeController->runAction()
#15 C:\xampp\htdocs\yii\framework\web\filters\CFilter.php(40): CFilterChain->run()
#16 C:\xampp\htdocs\yii\framework\web\CController.php(1145): CAccessControlFilter->filter()
#17 C:\xampp\htdocs\yii\framework\web\filters\CInlineFilter.php(58): OfficeController->filterAccessControl()
#18 C:\xampp\htdocs\yii\framework\web\filters\CFilterChain.php(130): CInlineFilter->filter()
#19 C:\xampp\htdocs\yii\framework\web\CController.php(291): CFilterChain->run()
#20 C:\xampp\htdocs\yii\framework\web\CController.php(265): OfficeController->runActionWithFilters()
#21 C:\xampp\htdocs\yii\framework\web\CWebApplication.php(282): OfficeController->run()
#22 C:\xampp\htdocs\yii\framework\web\CWebApplication.php(141): CWebApplication->runController()
#23 C:\xampp\htdocs\yii\framework\base\CApplication.php(180): CWebApplication->processRequest()
#24 C:\xampp\htdocs\sparelog\index.php(13): CWebApplication->run()
REQUEST_URI=/sparelog/index.php?r=office/register
in C:\xampp\htdocs\sparelog\protected\views\office\register.php (21)
in C:\xampp\htdocs\sparelog\protected\controllers\OfficeController.php (113)
in C:\xampp\htdocs\sparelog\index.php (13)
2016/06/23 05:45:19 [error] [php] include(name.php): failed to open stream: No such file or directory (C:\xampp\htdocs\yii\framework\YiiBase.php:427)
Stack trace:
#0 C:\xampp\htdocs\yii\framework\validators\CValidator.php(186): import()
#1 C:\xampp\htdocs\yii\framework\base\CModel.php(287): createValidator()
#2 C:\xampp\htdocs\yii\framework\base\CModel.php(260): RegistrationForm->createValidators()
#3 C:\xampp\htdocs\yii\framework\base\CModel.php(304): RegistrationForm->getValidators()
#4 C:\xampp\htdocs\yii\framework\web\helpers\CHtml.php(1414): RegistrationForm->isAttributeRequired()
#5 C:\xampp\htdocs\yii\framework\web\widgets\CActiveForm.php(597): activeLabelEx()
#6 C:\xampp\htdocs\sparelog\protected\views\office\register.php(21): CActiveForm->labelEx()
#7 C:\xampp\htdocs\yii\framework\web\CBaseController.php(126): require()
#8 C:\xampp\htdocs\yii\framework\web\CBaseController.php(95): OfficeController->renderInternal()
#9 C:\xampp\htdocs\yii\framework\web\CController.php(869): OfficeController->renderFile()
#10 C:\xampp\htdocs\yii\framework\web\CController.php(782): OfficeController->renderPartial()
#11 C:\xampp\htdocs\sparelog\protected\controllers\OfficeController.php(113): OfficeController->render()
#12 C:\xampp\htdocs\yii\framework\web\actions\CInlineAction.php(49): OfficeController->actionRegister()
#13 C:\xampp\htdocs\yii\framework\web\CController.php(308): CInlineAction->runWithParams()
#14 C:\xampp\htdocs\yii\framework\web\filters\CFilterChain.php(133): OfficeController->runAction()
#15 C:\xampp\htdocs\yii\framework\web\filters\CFilter.php(40): CFilterChain->run()
#16 C:\xampp\htdocs\yii\framework\web\CController.php(1145): CAccessControlFilter->filter()
#17 C:\xampp\htdocs\yii\framework\web\filters\CInlineFilter.php(58): OfficeController->filterAccessControl()
#18 C:\xampp\htdocs\yii\framework\web\filters\CFilterChain.php(130): CInlineFilter->filter()
#19 C:\xampp\htdocs\yii\framework\web\CController.php(291): CFilterChain->run()
#20 C:\xampp\htdocs\yii\framework\web\CController.php(265): OfficeController->runActionWithFilters()
#21 C:\xampp\htdocs\yii\framework\web\CWebApplication.php(282): OfficeController->run()
#22 C:\xampp\htdocs\yii\framework\web\CWebApplication.php(141): CWebApplication->runController()
#23 C:\xampp\htdocs\yii\framework\base\CApplication.php(180): CWebApplication->processRequest()
#24 C:\xampp\htdocs\sparelog\index.php(13): CWebApplication->run()
REQUEST_URI=/sparelog/index.php?r=office/register
in C:\xampp\htdocs\sparelog\protected\views\office\register.php (21)
in C:\xampp\htdocs\sparelog\protected\controllers\OfficeController.php (113)
in C:\xampp\htdocs\sparelog\index.php (13)
2016/06/23 05:46:51 [error] [php] include(name.php): failed to open stream: No such file or directory (C:\xampp\htdocs\yii\framework\YiiBase.php:427)
Stack trace:
#0 C:\xampp\htdocs\yii\framework\validators\CValidator.php(186): import()
#1 C:\xampp\htdocs\yii\framework\base\CModel.php(287): createValidator()
#2 C:\xampp\htdocs\yii\framework\base\CModel.php(260): RegistrationForm->createValidators()
#3 C:\xampp\htdocs\yii\framework\base\CModel.php(304): RegistrationForm->getValidators()
#4 C:\xampp\htdocs\yii\framework\web\helpers\CHtml.php(1414): RegistrationForm->isAttributeRequired()
#5 C:\xampp\htdocs\yii\framework\web\widgets\CActiveForm.php(597): activeLabelEx()
#6 C:\xampp\htdocs\sparelog\protected\views\office\register.php(21): CActiveForm->labelEx()
#7 C:\xampp\htdocs\yii\framework\web\CBaseController.php(126): require()
#8 C:\xampp\htdocs\yii\framework\web\CBaseController.php(95): OfficeController->renderInternal()
#9 C:\xampp\htdocs\yii\framework\web\CController.php(869): OfficeController->renderFile()
#10 C:\xampp\htdocs\yii\framework\web\CController.php(782): OfficeController->renderPartial()
#11 C:\xampp\htdocs\sparelog\protected\controllers\OfficeController.php(113): OfficeController->render()
#12 C:\xampp\htdocs\yii\framework\web\actions\CInlineAction.php(49): OfficeController->actionRegister()
#13 C:\xampp\htdocs\yii\framework\web\CController.php(308): CInlineAction->runWithParams()
#14 C:\xampp\htdocs\yii\framework\web\filters\CFilterChain.php(133): OfficeController->runAction()
#15 C:\xampp\htdocs\yii\framework\web\filters\CFilter.php(40): CFilterChain->run()
#16 C:\xampp\htdocs\yii\framework\web\CController.php(1145): CAccessControlFilter->filter()
#17 C:\xampp\htdocs\yii\framework\web\filters\CInlineFilter.php(58): OfficeController->filterAccessControl()
#18 C:\xampp\htdocs\yii\framework\web\filters\CFilterChain.php(130): CInlineFilter->filter()
#19 C:\xampp\htdocs\yii\framework\web\CController.php(291): CFilterChain->run()
#20 C:\xampp\htdocs\yii\framework\web\CController.php(265): OfficeController->runActionWithFilters()
#21 C:\xampp\htdocs\yii\framework\web\CWebApplication.php(282): OfficeController->run()
#22 C:\xampp\htdocs\yii\framework\web\CWebApplication.php(141): CWebApplication->runController()
#23 C:\xampp\htdocs\yii\framework\base\CApplication.php(180): CWebApplication->processRequest()
#24 C:\xampp\htdocs\sparelog\index.php(13): CWebApplication->run()
REQUEST_URI=/sparelog/index.php?r=office/register
in C:\xampp\htdocs\sparelog\protected\views\office\register.php (21)
in C:\xampp\htdocs\sparelog\protected\controllers\OfficeController.php (113)
in C:\xampp\htdocs\sparelog\index.php (13)
2016/06/23 05:48:48 [error] [php] include(name.php): failed to open stream: No such file or directory (C:\xampp\htdocs\yii\framework\YiiBase.php:427)
Stack trace:
#0 C:\xampp\htdocs\yii\framework\validators\CValidator.php(186): import()
#1 C:\xampp\htdocs\yii\framework\base\CModel.php(287): createValidator()
#2 C:\xampp\htdocs\yii\framework\base\CModel.php(260): RegistrationForm->createValidators()
#3 C:\xampp\htdocs\yii\framework\base\CModel.php(304): RegistrationForm->getValidators()
#4 C:\xampp\htdocs\yii\framework\web\helpers\CHtml.php(1414): RegistrationForm->isAttributeRequired()
#5 C:\xampp\htdocs\yii\framework\web\widgets\CActiveForm.php(597): activeLabelEx()
#6 C:\xampp\htdocs\sparelog\protected\views\office\register.php(21): CActiveForm->labelEx()
#7 C:\xampp\htdocs\yii\framework\web\CBaseController.php(126): require()
#8 C:\xampp\htdocs\yii\framework\web\CBaseController.php(95): OfficeController->renderInternal()
#9 C:\xampp\htdocs\yii\framework\web\CController.php(869): OfficeController->renderFile()
#10 C:\xampp\htdocs\yii\framework\web\CController.php(782): OfficeController->renderPartial()
#11 C:\xampp\htdocs\sparelog\protected\controllers\OfficeController.php(114): OfficeController->render()
#12 C:\xampp\htdocs\yii\framework\web\actions\CInlineAction.php(49): OfficeController->actionRegister()
#13 C:\xampp\htdocs\yii\framework\web\CController.php(308): CInlineAction->runWithParams()
#14 C:\xampp\htdocs\yii\framework\web\filters\CFilterChain.php(133): OfficeController->runAction()
#15 C:\xampp\htdocs\yii\framework\web\filters\CFilter.php(40): CFilterChain->run()
#16 C:\xampp\htdocs\yii\framework\web\CController.php(1145): CAccessControlFilter->filter()
#17 C:\xampp\htdocs\yii\framework\web\filters\CInlineFilter.php(58): OfficeController->filterAccessControl()
#18 C:\xampp\htdocs\yii\framework\web\filters\CFilterChain.php(130): CInlineFilter->filter()
#19 C:\xampp\htdocs\yii\framework\web\CController.php(291): CFilterChain->run()
#20 C:\xampp\htdocs\yii\framework\web\CController.php(265): OfficeController->runActionWithFilters()
#21 C:\xampp\htdocs\yii\framework\web\CWebApplication.php(282): OfficeController->run()
#22 C:\xampp\htdocs\yii\framework\web\CWebApplication.php(141): CWebApplication->runController()
#23 C:\xampp\htdocs\yii\framework\base\CApplication.php(180): CWebApplication->processRequest()
#24 C:\xampp\htdocs\sparelog\index.php(13): CWebApplication->run()
REQUEST_URI=/sparelog/index.php?r=office/register
in C:\xampp\htdocs\sparelog\protected\views\office\register.php (21)
in C:\xampp\htdocs\sparelog\protected\controllers\OfficeController.php (114)
in C:\xampp\htdocs\sparelog\index.php (13)
2016/06/23 05:48:50 [error] [php] include(name.php): failed to open stream: No such file or directory (C:\xampp\htdocs\yii\framework\YiiBase.php:427)
Stack trace:
#0 C:\xampp\htdocs\yii\framework\validators\CValidator.php(186): import()
#1 C:\xampp\htdocs\yii\framework\base\CModel.php(287): createValidator()
#2 C:\xampp\htdocs\yii\framework\base\CModel.php(260): RegistrationForm->createValidators()
#3 C:\xampp\htdocs\yii\framework\base\CModel.php(304): RegistrationForm->getValidators()
#4 C:\xampp\htdocs\yii\framework\web\helpers\CHtml.php(1414): RegistrationForm->isAttributeRequired()
#5 C:\xampp\htdocs\yii\framework\web\widgets\CActiveForm.php(597): activeLabelEx()
#6 C:\xampp\htdocs\sparelog\protected\views\office\register.php(21): CActiveForm->labelEx()
#7 C:\xampp\htdocs\yii\framework\web\CBaseController.php(126): require()
#8 C:\xampp\htdocs\yii\framework\web\CBaseController.php(95): OfficeController->renderInternal()
#9 C:\xampp\htdocs\yii\framework\web\CController.php(869): OfficeController->renderFile()
#10 C:\xampp\htdocs\yii\framework\web\CController.php(782): OfficeController->renderPartial()
#11 C:\xampp\htdocs\sparelog\protected\controllers\OfficeController.php(114): OfficeController->render()
#12 C:\xampp\htdocs\yii\framework\web\actions\CInlineAction.php(49): OfficeController->actionRegister()
#13 C:\xampp\htdocs\yii\framework\web\CController.php(308): CInlineAction->runWithParams()
#14 C:\xampp\htdocs\yii\framework\web\filters\CFilterChain.php(133): OfficeController->runAction()
#15 C:\xampp\htdocs\yii\framework\web\filters\CFilter.php(40): CFilterChain->run()
#16 C:\xampp\htdocs\yii\framework\web\CController.php(1145): CAccessControlFilter->filter()
#17 C:\xampp\htdocs\yii\framework\web\filters\CInlineFilter.php(58): OfficeController->filterAccessControl()
#18 C:\xampp\htdocs\yii\framework\web\filters\CFilterChain.php(130): CInlineFilter->filter()
#19 C:\xampp\htdocs\yii\framework\web\CController.php(291): CFilterChain->run()
#20 C:\xampp\htdocs\yii\framework\web\CController.php(265): OfficeController->runActionWithFilters()
#21 C:\xampp\htdocs\yii\framework\web\CWebApplication.php(282): OfficeController->run()
#22 C:\xampp\htdocs\yii\framework\web\CWebApplication.php(141): CWebApplication->runController()
#23 C:\xampp\htdocs\yii\framework\base\CApplication.php(180): CWebApplication->processRequest()
#24 C:\xampp\htdocs\sparelog\index.php(13): CWebApplication->run()
REQUEST_URI=/sparelog/index.php?r=office/register
in C:\xampp\htdocs\sparelog\protected\views\office\register.php (21)
in C:\xampp\htdocs\sparelog\protected\controllers\OfficeController.php (114)
in C:\xampp\htdocs\sparelog\index.php (13)
2016/06/23 05:49:35 [error] [php] include(name.php): failed to open stream: No such file or directory (C:\xampp\htdocs\yii\framework\YiiBase.php:427)
Stack trace:
#0 C:\xampp\htdocs\yii\framework\validators\CValidator.php(186): import()
#1 C:\xampp\htdocs\yii\framework\base\CModel.php(287): createValidator()
#2 C:\xampp\htdocs\yii\framework\base\CModel.php(260): RegistrationForm->createValidators()
#3 C:\xampp\htdocs\yii\framework\base\CModel.php(304): RegistrationForm->getValidators()
#4 C:\xampp\htdocs\yii\framework\web\helpers\CHtml.php(1414): RegistrationForm->isAttributeRequired()
#5 C:\xampp\htdocs\yii\framework\web\widgets\CActiveForm.php(597): activeLabelEx()
#6 C:\xampp\htdocs\sparelog\protected\views\office\register.php(21): CActiveForm->labelEx()
#7 C:\xampp\htdocs\yii\framework\web\CBaseController.php(126): require()
#8 C:\xampp\htdocs\yii\framework\web\CBaseController.php(95): OfficeController->renderInternal()
#9 C:\xampp\htdocs\yii\framework\web\CController.php(869): OfficeController->renderFile()
#10 C:\xampp\htdocs\yii\framework\web\CController.php(782): OfficeController->renderPartial()
#11 C:\xampp\htdocs\sparelog\protected\controllers\OfficeController.php(114): OfficeController->render()
#12 C:\xampp\htdocs\yii\framework\web\actions\CInlineAction.php(49): OfficeController->actionRegister()
#13 C:\xampp\htdocs\yii\framework\web\CController.php(308): CInlineAction->runWithParams()
#14 C:\xampp\htdocs\yii\framework\web\filters\CFilterChain.php(133): OfficeController->runAction()
#15 C:\xampp\htdocs\yii\framework\web\filters\CFilter.php(40): CFilterChain->run()
#16 C:\xampp\htdocs\yii\framework\web\CController.php(1145): CAccessControlFilter->filter()
#17 C:\xampp\htdocs\yii\framework\web\filters\CInlineFilter.php(58): OfficeController->filterAccessControl()
#18 C:\xampp\htdocs\yii\framework\web\filters\CFilterChain.php(130): CInlineFilter->filter()
#19 C:\xampp\htdocs\yii\framework\web\CController.php(291): CFilterChain->run()
#20 C:\xampp\htdocs\yii\framework\web\CController.php(265): OfficeController->runActionWithFilters()
#21 C:\xampp\htdocs\yii\framework\web\CWebApplication.php(282): OfficeController->run()
#22 C:\xampp\htdocs\yii\framework\web\CWebApplication.php(141): CWebApplication->runController()
#23 C:\xampp\htdocs\yii\framework\base\CApplication.php(180): CWebApplication->processRequest()
#24 C:\xampp\htdocs\sparelog\index.php(13): CWebApplication->run()
REQUEST_URI=/sparelog/index.php?r=office/register
in C:\xampp\htdocs\sparelog\protected\views\office\register.php (21)
in C:\xampp\htdocs\sparelog\protected\controllers\OfficeController.php (114)
in C:\xampp\htdocs\sparelog\index.php (13)
2016/06/23 05:49:37 [error] [php] include(name.php): failed to open stream: No such file or directory (C:\xampp\htdocs\yii\framework\YiiBase.php:427)
Stack trace:
#0 C:\xampp\htdocs\yii\framework\validators\CValidator.php(186): import()
#1 C:\xampp\htdocs\yii\framework\base\CModel.php(287): createValidator()
#2 C:\xampp\htdocs\yii\framework\base\CModel.php(260): RegistrationForm->createValidators()
#3 C:\xampp\htdocs\yii\framework\base\CModel.php(304): RegistrationForm->getValidators()
#4 C:\xampp\htdocs\yii\framework\web\helpers\CHtml.php(1414): RegistrationForm->isAttributeRequired()
#5 C:\xampp\htdocs\yii\framework\web\widgets\CActiveForm.php(597): activeLabelEx()
#6 C:\xampp\htdocs\sparelog\protected\views\office\register.php(21): CActiveForm->labelEx()
#7 C:\xampp\htdocs\yii\framework\web\CBaseController.php(126): require()
#8 C:\xampp\htdocs\yii\framework\web\CBaseController.php(95): OfficeController->renderInternal()
#9 C:\xampp\htdocs\yii\framework\web\CController.php(869): OfficeController->renderFile()
#10 C:\xampp\htdocs\yii\framework\web\CController.php(782): OfficeController->renderPartial()
#11 C:\xampp\htdocs\sparelog\protected\controllers\OfficeController.php(114): OfficeController->render()
#12 C:\xampp\htdocs\yii\framework\web\actions\CInlineAction.php(49): OfficeController->actionRegister()
#13 C:\xampp\htdocs\yii\framework\web\CController.php(308): CInlineAction->runWithParams()
#14 C:\xampp\htdocs\yii\framework\web\filters\CFilterChain.php(133): OfficeController->runAction()
#15 C:\xampp\htdocs\yii\framework\web\filters\CFilter.php(40): CFilterChain->run()
#16 C:\xampp\htdocs\yii\framework\web\CController.php(1145): CAccessControlFilter->filter()
#17 C:\xampp\htdocs\yii\framework\web\filters\CInlineFilter.php(58): OfficeController->filterAccessControl()
#18 C:\xampp\htdocs\yii\framework\web\filters\CFilterChain.php(130): CInlineFilter->filter()
#19 C:\xampp\htdocs\yii\framework\web\CController.php(291): CFilterChain->run()
#20 C:\xampp\htdocs\yii\framework\web\CController.php(265): OfficeController->runActionWithFilters()
#21 C:\xampp\htdocs\yii\framework\web\CWebApplication.php(282): OfficeController->run()
#22 C:\xampp\htdocs\yii\framework\web\CWebApplication.php(141): CWebApplication->runController()
#23 C:\xampp\htdocs\yii\framework\base\CApplication.php(180): CWebApplication->processRequest()
#24 C:\xampp\htdocs\sparelog\index.php(13): CWebApplication->run()
REQUEST_URI=/sparelog/index.php?r=office/register
in C:\xampp\htdocs\sparelog\protected\views\office\register.php (21)
in C:\xampp\htdocs\sparelog\protected\controllers\OfficeController.php (114)
in C:\xampp\htdocs\sparelog\index.php (13)
2016/06/23 05:49:38 [error] [php] include(name.php): failed to open stream: No such file or directory (C:\xampp\htdocs\yii\framework\YiiBase.php:427)
Stack trace:
#0 C:\xampp\htdocs\yii\framework\validators\CValidator.php(186): import()
#1 C:\xampp\htdocs\yii\framework\base\CModel.php(287): createValidator()
#2 C:\xampp\htdocs\yii\framework\base\CModel.php(260): RegistrationForm->createValidators()
#3 C:\xampp\htdocs\yii\framework\base\CModel.php(304): RegistrationForm->getValidators()
#4 C:\xampp\htdocs\yii\framework\web\helpers\CHtml.php(1414): RegistrationForm->isAttributeRequired()
#5 C:\xampp\htdocs\yii\framework\web\widgets\CActiveForm.php(597): activeLabelEx()
#6 C:\xampp\htdocs\sparelog\protected\views\office\register.php(21): CActiveForm->labelEx()
#7 C:\xampp\htdocs\yii\framework\web\CBaseController.php(126): require()
#8 C:\xampp\htdocs\yii\framework\web\CBaseController.php(95): OfficeController->renderInternal()
#9 C:\xampp\htdocs\yii\framework\web\CController.php(869): OfficeController->renderFile()
#10 C:\xampp\htdocs\yii\framework\web\CController.php(782): OfficeController->renderPartial()
#11 C:\xampp\htdocs\sparelog\protected\controllers\OfficeController.php(114): OfficeController->render()
#12 C:\xampp\htdocs\yii\framework\web\actions\CInlineAction.php(49): OfficeController->actionRegister()
#13 C:\xampp\htdocs\yii\framework\web\CController.php(308): CInlineAction->runWithParams()
#14 C:\xampp\htdocs\yii\framework\web\filters\CFilterChain.php(133): OfficeController->runAction()
#15 C:\xampp\htdocs\yii\framework\web\filters\CFilter.php(40): CFilterChain->run()
#16 C:\xampp\htdocs\yii\framework\web\CController.php(1145): CAccessControlFilter->filter()
#17 C:\xampp\htdocs\yii\framework\web\filters\CInlineFilter.php(58): OfficeController->filterAccessControl()
#18 C:\xampp\htdocs\yii\framework\web\filters\CFilterChain.php(130): CInlineFilter->filter()
#19 C:\xampp\htdocs\yii\framework\web\CController.php(291): CFilterChain->run()
#20 C:\xampp\htdocs\yii\framework\web\CController.php(265): OfficeController->runActionWithFilters()
#21 C:\xampp\htdocs\yii\framework\web\CWebApplication.php(282): OfficeController->run()
#22 C:\xampp\htdocs\yii\framework\web\CWebApplication.php(141): CWebApplication->runController()
#23 C:\xampp\htdocs\yii\framework\base\CApplication.php(180): CWebApplication->processRequest()
#24 C:\xampp\htdocs\sparelog\index.php(13): CWebApplication->run()
REQUEST_URI=/sparelog/index.php?r=office/register
in C:\xampp\htdocs\sparelog\protected\views\office\register.php (21)
in C:\xampp\htdocs\sparelog\protected\controllers\OfficeController.php (114)
in C:\xampp\htdocs\sparelog\index.php (13)
2016/06/23 05:49:38 [error] [php] include(name.php): failed to open stream: No such file or directory (C:\xampp\htdocs\yii\framework\YiiBase.php:427)
Stack trace:
#0 C:\xampp\htdocs\yii\framework\validators\CValidator.php(186): import()
#1 C:\xampp\htdocs\yii\framework\base\CModel.php(287): createValidator()
#2 C:\xampp\htdocs\yii\framework\base\CModel.php(260): RegistrationForm->createValidators()
#3 C:\xampp\htdocs\yii\framework\base\CModel.php(304): RegistrationForm->getValidators()
#4 C:\xampp\htdocs\yii\framework\web\helpers\CHtml.php(1414): RegistrationForm->isAttributeRequired()
#5 C:\xampp\htdocs\yii\framework\web\widgets\CActiveForm.php(597): activeLabelEx()
#6 C:\xampp\htdocs\sparelog\protected\views\office\register.php(21): CActiveForm->labelEx()
#7 C:\xampp\htdocs\yii\framework\web\CBaseController.php(126): require()
#8 C:\xampp\htdocs\yii\framework\web\CBaseController.php(95): OfficeController->renderInternal()
#9 C:\xampp\htdocs\yii\framework\web\CController.php(869): OfficeController->renderFile()
#10 C:\xampp\htdocs\yii\framework\web\CController.php(782): OfficeController->renderPartial()
#11 C:\xampp\htdocs\sparelog\protected\controllers\OfficeController.php(114): OfficeController->render()
#12 C:\xampp\htdocs\yii\framework\web\actions\CInlineAction.php(49): OfficeController->actionRegister()
#13 C:\xampp\htdocs\yii\framework\web\CController.php(308): CInlineAction->runWithParams()
#14 C:\xampp\htdocs\yii\framework\web\filters\CFilterChain.php(133): OfficeController->runAction()
#15 C:\xampp\htdocs\yii\framework\web\filters\CFilter.php(40): CFilterChain->run()
#16 C:\xampp\htdocs\yii\framework\web\CController.php(1145): CAccessControlFilter->filter()
#17 C:\xampp\htdocs\yii\framework\web\filters\CInlineFilter.php(58): OfficeController->filterAccessControl()
#18 C:\xampp\htdocs\yii\framework\web\filters\CFilterChain.php(130): CInlineFilter->filter()
#19 C:\xampp\htdocs\yii\framework\web\CController.php(291): CFilterChain->run()
#20 C:\xampp\htdocs\yii\framework\web\CController.php(265): OfficeController->runActionWithFilters()
#21 C:\xampp\htdocs\yii\framework\web\CWebApplication.php(282): OfficeController->run()
#22 C:\xampp\htdocs\yii\framework\web\CWebApplication.php(141): CWebApplication->runController()
#23 C:\xampp\htdocs\yii\framework\base\CApplication.php(180): CWebApplication->processRequest()
#24 C:\xampp\htdocs\sparelog\index.php(13): CWebApplication->run()
REQUEST_URI=/sparelog/index.php?r=office/register
in C:\xampp\htdocs\sparelog\protected\views\office\register.php (21)
in C:\xampp\htdocs\sparelog\protected\controllers\OfficeController.php (114)
in C:\xampp\htdocs\sparelog\index.php (13)
2016/06/23 05:49:39 [error] [php] include(name.php): failed to open stream: No such file or directory (C:\xampp\htdocs\yii\framework\YiiBase.php:427)
Stack trace:
#0 C:\xampp\htdocs\yii\framework\validators\CValidator.php(186): import()
#1 C:\xampp\htdocs\yii\framework\base\CModel.php(287): createValidator()
#2 C:\xampp\htdocs\yii\framework\base\CModel.php(260): RegistrationForm->createValidators()
#3 C:\xampp\htdocs\yii\framework\base\CModel.php(304): RegistrationForm->getValidators()
#4 C:\xampp\htdocs\yii\framework\web\helpers\CHtml.php(1414): RegistrationForm->isAttributeRequired()
#5 C:\xampp\htdocs\yii\framework\web\widgets\CActiveForm.php(597): activeLabelEx()
#6 C:\xampp\htdocs\sparelog\protected\views\office\register.php(21): CActiveForm->labelEx()
#7 C:\xampp\htdocs\yii\framework\web\CBaseController.php(126): require()
#8 C:\xampp\htdocs\yii\framework\web\CBaseController.php(95): OfficeController->renderInternal()
#9 C:\xampp\htdocs\yii\framework\web\CController.php(869): OfficeController->renderFile()
#10 C:\xampp\htdocs\yii\framework\web\CController.php(782): OfficeController->renderPartial()
#11 C:\xampp\htdocs\sparelog\protected\controllers\OfficeController.php(114): OfficeController->render()
#12 C:\xampp\htdocs\yii\framework\web\actions\CInlineAction.php(49): OfficeController->actionRegister()
#13 C:\xampp\htdocs\yii\framework\web\CController.php(308): CInlineAction->runWithParams()
#14 C:\xampp\htdocs\yii\framework\web\filters\CFilterChain.php(133): OfficeController->runAction()
#15 C:\xampp\htdocs\yii\framework\web\filters\CFilter.php(40): CFilterChain->run()
#16 C:\xampp\htdocs\yii\framework\web\CController.php(1145): CAccessControlFilter->filter()
#17 C:\xampp\htdocs\yii\framework\web\filters\CInlineFilter.php(58): OfficeController->filterAccessControl()
#18 C:\xampp\htdocs\yii\framework\web\filters\CFilterChain.php(130): CInlineFilter->filter()
#19 C:\xampp\htdocs\yii\framework\web\CController.php(291): CFilterChain->run()
#20 C:\xampp\htdocs\yii\framework\web\CController.php(265): OfficeController->runActionWithFilters()
#21 C:\xampp\htdocs\yii\framework\web\CWebApplication.php(282): OfficeController->run()
#22 C:\xampp\htdocs\yii\framework\web\CWebApplication.php(141): CWebApplication->runController()
#23 C:\xampp\htdocs\yii\framework\base\CApplication.php(180): CWebApplication->processRequest()
#24 C:\xampp\htdocs\sparelog\index.php(13): CWebApplication->run()
REQUEST_URI=/sparelog/index.php?r=office/register
in C:\xampp\htdocs\sparelog\protected\views\office\register.php (21)
in C:\xampp\htdocs\sparelog\protected\controllers\OfficeController.php (114)
in C:\xampp\htdocs\sparelog\index.php (13)
2016/06/23 05:50:49 [error] [php] include(test.php): failed to open stream: No such file or directory (C:\xampp\htdocs\yii\framework\YiiBase.php:427)
Stack trace:
#0 C:\xampp\htdocs\yii\framework\validators\CValidator.php(186): import()
#1 C:\xampp\htdocs\yii\framework\base\CModel.php(287): createValidator()
#2 C:\xampp\htdocs\yii\framework\base\CModel.php(260): RegistrationForm->createValidators()
#3 C:\xampp\htdocs\yii\framework\base\CModel.php(304): RegistrationForm->getValidators()
#4 C:\xampp\htdocs\yii\framework\web\helpers\CHtml.php(1414): RegistrationForm->isAttributeRequired()
#5 C:\xampp\htdocs\yii\framework\web\widgets\CActiveForm.php(597): activeLabelEx()
#6 C:\xampp\htdocs\sparelog\protected\views\office\register.php(21): CActiveForm->labelEx()
#7 C:\xampp\htdocs\yii\framework\web\CBaseController.php(126): require()
#8 C:\xampp\htdocs\yii\framework\web\CBaseController.php(95): OfficeController->renderInternal()
#9 C:\xampp\htdocs\yii\framework\web\CController.php(869): OfficeController->renderFile()
#10 C:\xampp\htdocs\yii\framework\web\CController.php(782): OfficeController->renderPartial()
#11 C:\xampp\htdocs\sparelog\protected\controllers\OfficeController.php(114): OfficeController->render()
#12 C:\xampp\htdocs\yii\framework\web\actions\CInlineAction.php(49): OfficeController->actionRegister()
#13 C:\xampp\htdocs\yii\framework\web\CController.php(308): CInlineAction->runWithParams()
#14 C:\xampp\htdocs\yii\framework\web\filters\CFilterChain.php(133): OfficeController->runAction()
#15 C:\xampp\htdocs\yii\framework\web\filters\CFilter.php(40): CFilterChain->run()
#16 C:\xampp\htdocs\yii\framework\web\CController.php(1145): CAccessControlFilter->filter()
#17 C:\xampp\htdocs\yii\framework\web\filters\CInlineFilter.php(58): OfficeController->filterAccessControl()
#18 C:\xampp\htdocs\yii\framework\web\filters\CFilterChain.php(130): CInlineFilter->filter()
#19 C:\xampp\htdocs\yii\framework\web\CController.php(291): CFilterChain->run()
#20 C:\xampp\htdocs\yii\framework\web\CController.php(265): OfficeController->runActionWithFilters()
#21 C:\xampp\htdocs\yii\framework\web\CWebApplication.php(282): OfficeController->run()
#22 C:\xampp\htdocs\yii\framework\web\CWebApplication.php(141): CWebApplication->runController()
#23 C:\xampp\htdocs\yii\framework\base\CApplication.php(180): CWebApplication->processRequest()
#24 C:\xampp\htdocs\sparelog\index.php(13): CWebApplication->run()
REQUEST_URI=/sparelog/index.php?r=office/register
in C:\xampp\htdocs\sparelog\protected\views\office\register.php (21)
in C:\xampp\htdocs\sparelog\protected\controllers\OfficeController.php (114)
in C:\xampp\htdocs\sparelog\index.php (13)
2016/06/23 05:51:12 [error] [php] include(name.php): failed to open stream: No such file or directory (C:\xampp\htdocs\yii\framework\YiiBase.php:427)
Stack trace:
#0 C:\xampp\htdocs\yii\framework\validators\CValidator.php(186): import()
#1 C:\xampp\htdocs\yii\framework\base\CModel.php(287): createValidator()
#2 C:\xampp\htdocs\yii\framework\base\CModel.php(260): RegistrationForm->createValidators()
#3 C:\xampp\htdocs\yii\framework\base\CModel.php(304): RegistrationForm->getValidators()
#4 C:\xampp\htdocs\yii\framework\web\helpers\CHtml.php(1414): RegistrationForm->isAttributeRequired()
#5 C:\xampp\htdocs\yii\framework\web\widgets\CActiveForm.php(597): activeLabelEx()
#6 C:\xampp\htdocs\sparelog\protected\views\office\register.php(21): CActiveForm->labelEx()
#7 C:\xampp\htdocs\yii\framework\web\CBaseController.php(126): require()
#8 C:\xampp\htdocs\yii\framework\web\CBaseController.php(95): OfficeController->renderInternal()
#9 C:\xampp\htdocs\yii\framework\web\CController.php(869): OfficeController->renderFile()
#10 C:\xampp\htdocs\yii\framework\web\CController.php(782): OfficeController->renderPartial()
#11 C:\xampp\htdocs\sparelog\protected\controllers\OfficeController.php(114): OfficeController->render()
#12 C:\xampp\htdocs\yii\framework\web\actions\CInlineAction.php(49): OfficeController->actionRegister()
#13 C:\xampp\htdocs\yii\framework\web\CController.php(308): CInlineAction->runWithParams()
#14 C:\xampp\htdocs\yii\framework\web\filters\CFilterChain.php(133): OfficeController->runAction()
#15 C:\xampp\htdocs\yii\framework\web\filters\CFilter.php(40): CFilterChain->run()
#16 C:\xampp\htdocs\yii\framework\web\CController.php(1145): CAccessControlFilter->filter()
#17 C:\xampp\htdocs\yii\framework\web\filters\CInlineFilter.php(58): OfficeController->filterAccessControl()
#18 C:\xampp\htdocs\yii\framework\web\filters\CFilterChain.php(130): CInlineFilter->filter()
#19 C:\xampp\htdocs\yii\framework\web\CController.php(291): CFilterChain->run()
#20 C:\xampp\htdocs\yii\framework\web\CController.php(265): OfficeController->runActionWithFilters()
#21 C:\xampp\htdocs\yii\framework\web\CWebApplication.php(282): OfficeController->run()
#22 C:\xampp\htdocs\yii\framework\web\CWebApplication.php(141): CWebApplication->runController()
#23 C:\xampp\htdocs\yii\framework\base\CApplication.php(180): CWebApplication->processRequest()
#24 C:\xampp\htdocs\sparelog\index.php(13): CWebApplication->run()
REQUEST_URI=/sparelog/index.php?r=office/register
in C:\xampp\htdocs\sparelog\protected\views\office\register.php (21)
in C:\xampp\htdocs\sparelog\protected\controllers\OfficeController.php (114)
in C:\xampp\htdocs\sparelog\index.php (13)
2016/06/23 05:51:13 [error] [php] include(name.php): failed to open stream: No such file or directory (C:\xampp\htdocs\yii\framework\YiiBase.php:427)
Stack trace:
#0 C:\xampp\htdocs\yii\framework\validators\CValidator.php(186): import()
#1 C:\xampp\htdocs\yii\framework\base\CModel.php(287): createValidator()
#2 C:\xampp\htdocs\yii\framework\base\CModel.php(260): RegistrationForm->createValidators()
#3 C:\xampp\htdocs\yii\framework\base\CModel.php(304): RegistrationForm->getValidators()
#4 C:\xampp\htdocs\yii\framework\web\helpers\CHtml.php(1414): RegistrationForm->isAttributeRequired()
#5 C:\xampp\htdocs\yii\framework\web\widgets\CActiveForm.php(597): activeLabelEx()
#6 C:\xampp\htdocs\sparelog\protected\views\office\register.php(21): CActiveForm->labelEx()
#7 C:\xampp\htdocs\yii\framework\web\CBaseController.php(126): require()
#8 C:\xampp\htdocs\yii\framework\web\CBaseController.php(95): OfficeController->renderInternal()
#9 C:\xampp\htdocs\yii\framework\web\CController.php(869): OfficeController->renderFile()
#10 C:\xampp\htdocs\yii\framework\web\CController.php(782): OfficeController->renderPartial()
#11 C:\xampp\htdocs\sparelog\protected\controllers\OfficeController.php(114): OfficeController->render()
#12 C:\xampp\htdocs\yii\framework\web\actions\CInlineAction.php(49): OfficeController->actionRegister()
#13 C:\xampp\htdocs\yii\framework\web\CController.php(308): CInlineAction->runWithParams()
#14 C:\xampp\htdocs\yii\framework\web\filters\CFilterChain.php(133): OfficeController->runAction()
#15 C:\xampp\htdocs\yii\framework\web\filters\CFilter.php(40): CFilterChain->run()
#16 C:\xampp\htdocs\yii\framework\web\CController.php(1145): CAccessControlFilter->filter()
#17 C:\xampp\htdocs\yii\framework\web\filters\CInlineFilter.php(58): OfficeController->filterAccessControl()
#18 C:\xampp\htdocs\yii\framework\web\filters\CFilterChain.php(130): CInlineFilter->filter()
#19 C:\xampp\htdocs\yii\framework\web\CController.php(291): CFilterChain->run()
#20 C:\xampp\htdocs\yii\framework\web\CController.php(265): OfficeController->runActionWithFilters()
#21 C:\xampp\htdocs\yii\framework\web\CWebApplication.php(282): OfficeController->run()
#22 C:\xampp\htdocs\yii\framework\web\CWebApplication.php(141): CWebApplication->runController()
#23 C:\xampp\htdocs\yii\framework\base\CApplication.php(180): CWebApplication->processRequest()
#24 C:\xampp\htdocs\sparelog\index.php(13): CWebApplication->run()
REQUEST_URI=/sparelog/index.php?r=office/register
in C:\xampp\htdocs\sparelog\protected\views\office\register.php (21)
in C:\xampp\htdocs\sparelog\protected\controllers\OfficeController.php (114)
in C:\xampp\htdocs\sparelog\index.php (13)
2016/06/23 05:51:14 [error] [php] include(name.php): failed to open stream: No such file or directory (C:\xampp\htdocs\yii\framework\YiiBase.php:427)
Stack trace:
#0 C:\xampp\htdocs\yii\framework\validators\CValidator.php(186): import()
#1 C:\xampp\htdocs\yii\framework\base\CModel.php(287): createValidator()
#2 C:\xampp\htdocs\yii\framework\base\CModel.php(260): RegistrationForm->createValidators()
#3 C:\xampp\htdocs\yii\framework\base\CModel.php(304): RegistrationForm->getValidators()
#4 C:\xampp\htdocs\yii\framework\web\helpers\CHtml.php(1414): RegistrationForm->isAttributeRequired()
#5 C:\xampp\htdocs\yii\framework\web\widgets\CActiveForm.php(597): activeLabelEx()
#6 C:\xampp\htdocs\sparelog\protected\views\office\register.php(21): CActiveForm->labelEx()
#7 C:\xampp\htdocs\yii\framework\web\CBaseController.php(126): require()
#8 C:\xampp\htdocs\yii\framework\web\CBaseController.php(95): OfficeController->renderInternal()
#9 C:\xampp\htdocs\yii\framework\web\CController.php(869): OfficeController->renderFile()
#10 C:\xampp\htdocs\yii\framework\web\CController.php(782): OfficeController->renderPartial()
#11 C:\xampp\htdocs\sparelog\protected\controllers\OfficeController.php(114): OfficeController->render()
#12 C:\xampp\htdocs\yii\framework\web\actions\CInlineAction.php(49): OfficeController->actionRegister()
#13 C:\xampp\htdocs\yii\framework\web\CController.php(308): CInlineAction->runWithParams()
#14 C:\xampp\htdocs\yii\framework\web\filters\CFilterChain.php(133): OfficeController->runAction()
#15 C:\xampp\htdocs\yii\framework\web\filters\CFilter.php(40): CFilterChain->run()
#16 C:\xampp\htdocs\yii\framework\web\CController.php(1145): CAccessControlFilter->filter()
#17 C:\xampp\htdocs\yii\framework\web\filters\CInlineFilter.php(58): OfficeController->filterAccessControl()
#18 C:\xampp\htdocs\yii\framework\web\filters\CFilterChain.php(130): CInlineFilter->filter()
#19 C:\xampp\htdocs\yii\framework\web\CController.php(291): CFilterChain->run()
#20 C:\xampp\htdocs\yii\framework\web\CController.php(265): OfficeController->runActionWithFilters()
#21 C:\xampp\htdocs\yii\framework\web\CWebApplication.php(282): OfficeController->run()
#22 C:\xampp\htdocs\yii\framework\web\CWebApplication.php(141): CWebApplication->runController()
#23 C:\xampp\htdocs\yii\framework\base\CApplication.php(180): CWebApplication->processRequest()
#24 C:\xampp\htdocs\sparelog\index.php(13): CWebApplication->run()
REQUEST_URI=/sparelog/index.php?r=office/register
in C:\xampp\htdocs\sparelog\protected\views\office\register.php (21)
in C:\xampp\htdocs\sparelog\protected\controllers\OfficeController.php (114)
in C:\xampp\htdocs\sparelog\index.php (13)
2016/06/23 05:51:14 [error] [php] include(name.php): failed to open stream: No such file or directory (C:\xampp\htdocs\yii\framework\YiiBase.php:427)
Stack trace:
#0 C:\xampp\htdocs\yii\framework\validators\CValidator.php(186): import()
#1 C:\xampp\htdocs\yii\framework\base\CModel.php(287): createValidator()
#2 C:\xampp\htdocs\yii\framework\base\CModel.php(260): RegistrationForm->createValidators()
#3 C:\xampp\htdocs\yii\framework\base\CModel.php(304): RegistrationForm->getValidators()
#4 C:\xampp\htdocs\yii\framework\web\helpers\CHtml.php(1414): RegistrationForm->isAttributeRequired()
#5 C:\xampp\htdocs\yii\framework\web\widgets\CActiveForm.php(597): activeLabelEx()
#6 C:\xampp\htdocs\sparelog\protected\views\office\register.php(21): CActiveForm->labelEx()
#7 C:\xampp\htdocs\yii\framework\web\CBaseController.php(126): require()
#8 C:\xampp\htdocs\yii\framework\web\CBaseController.php(95): OfficeController->renderInternal()
#9 C:\xampp\htdocs\yii\framework\web\CController.php(869): OfficeController->renderFile()
#10 C:\xampp\htdocs\yii\framework\web\CController.php(782): OfficeController->renderPartial()
#11 C:\xampp\htdocs\sparelog\protected\controllers\OfficeController.php(114): OfficeController->render()
#12 C:\xampp\htdocs\yii\framework\web\actions\CInlineAction.php(49): OfficeController->actionRegister()
#13 C:\xampp\htdocs\yii\framework\web\CController.php(308): CInlineAction->runWithParams()
#14 C:\xampp\htdocs\yii\framework\web\filters\CFilterChain.php(133): OfficeController->runAction()
#15 C:\xampp\htdocs\yii\framework\web\filters\CFilter.php(40): CFilterChain->run()
#16 C:\xampp\htdocs\yii\framework\web\CController.php(1145): CAccessControlFilter->filter()
#17 C:\xampp\htdocs\yii\framework\web\filters\CInlineFilter.php(58): OfficeController->filterAccessControl()
#18 C:\xampp\htdocs\yii\framework\web\filters\CFilterChain.php(130): CInlineFilter->filter()
#19 C:\xampp\htdocs\yii\framework\web\CController.php(291): CFilterChain->run()
#20 C:\xampp\htdocs\yii\framework\web\CController.php(265): OfficeController->runActionWithFilters()
#21 C:\xampp\htdocs\yii\framework\web\CWebApplication.php(282): OfficeController->run()
#22 C:\xampp\htdocs\yii\framework\web\CWebApplication.php(141): CWebApplication->runController()
#23 C:\xampp\htdocs\yii\framework\base\CApplication.php(180): CWebApplication->processRequest()
#24 C:\xampp\htdocs\sparelog\index.php(13): CWebApplication->run()
REQUEST_URI=/sparelog/index.php?r=office/register
in C:\xampp\htdocs\sparelog\protected\views\office\register.php (21)
in C:\xampp\htdocs\sparelog\protected\controllers\OfficeController.php (114)
in C:\xampp\htdocs\sparelog\index.php (13)
2016/06/23 05:51:14 [error] [php] include(name.php): failed to open stream: No such file or directory (C:\xampp\htdocs\yii\framework\YiiBase.php:427)
Stack trace:
#0 C:\xampp\htdocs\yii\framework\validators\CValidator.php(186): import()
#1 C:\xampp\htdocs\yii\framework\base\CModel.php(287): createValidator()
#2 C:\xampp\htdocs\yii\framework\base\CModel.php(260): RegistrationForm->createValidators()
#3 C:\xampp\htdocs\yii\framework\base\CModel.php(304): RegistrationForm->getValidators()
#4 C:\xampp\htdocs\yii\framework\web\helpers\CHtml.php(1414): RegistrationForm->isAttributeRequired()
#5 C:\xampp\htdocs\yii\framework\web\widgets\CActiveForm.php(597): activeLabelEx()
#6 C:\xampp\htdocs\sparelog\protected\views\office\register.php(21): CActiveForm->labelEx()
#7 C:\xampp\htdocs\yii\framework\web\CBaseController.php(126): require()
#8 C:\xampp\htdocs\yii\framework\web\CBaseController.php(95): OfficeController->renderInternal()
#9 C:\xampp\htdocs\yii\framework\web\CController.php(869): OfficeController->renderFile()
#10 C:\xampp\htdocs\yii\framework\web\CController.php(782): OfficeController->renderPartial()
#11 C:\xampp\htdocs\sparelog\protected\controllers\OfficeController.php(114): OfficeController->render()
#12 C:\xampp\htdocs\yii\framework\web\actions\CInlineAction.php(49): OfficeController->actionRegister()
#13 C:\xampp\htdocs\yii\framework\web\CController.php(308): CInlineAction->runWithParams()
#14 C:\xampp\htdocs\yii\framework\web\filters\CFilterChain.php(133): OfficeController->runAction()
#15 C:\xampp\htdocs\yii\framework\web\filters\CFilter.php(40): CFilterChain->run()
#16 C:\xampp\htdocs\yii\framework\web\CController.php(1145): CAccessControlFilter->filter()
#17 C:\xampp\htdocs\yii\framework\web\filters\CInlineFilter.php(58): OfficeController->filterAccessControl()
#18 C:\xampp\htdocs\yii\framework\web\filters\CFilterChain.php(130): CInlineFilter->filter()
#19 C:\xampp\htdocs\yii\framework\web\CController.php(291): CFilterChain->run()
#20 C:\xampp\htdocs\yii\framework\web\CController.php(265): OfficeController->runActionWithFilters()
#21 C:\xampp\htdocs\yii\framework\web\CWebApplication.php(282): OfficeController->run()
#22 C:\xampp\htdocs\yii\framework\web\CWebApplication.php(141): CWebApplication->runController()
#23 C:\xampp\htdocs\yii\framework\base\CApplication.php(180): CWebApplication->processRequest()
#24 C:\xampp\htdocs\sparelog\index.php(13): CWebApplication->run()
REQUEST_URI=/sparelog/index.php?r=office/register
in C:\xampp\htdocs\sparelog\protected\views\office\register.php (21)
in C:\xampp\htdocs\sparelog\protected\controllers\OfficeController.php (114)
in C:\xampp\htdocs\sparelog\index.php (13)
2016/06/23 05:51:14 [error] [php] include(name.php): failed to open stream: No such file or directory (C:\xampp\htdocs\yii\framework\YiiBase.php:427)
Stack trace:
#0 C:\xampp\htdocs\yii\framework\validators\CValidator.php(186): import()
#1 C:\xampp\htdocs\yii\framework\base\CModel.php(287): createValidator()
#2 C:\xampp\htdocs\yii\framework\base\CModel.php(260): RegistrationForm->createValidators()
#3 C:\xampp\htdocs\yii\framework\base\CModel.php(304): RegistrationForm->getValidators()
#4 C:\xampp\htdocs\yii\framework\web\helpers\CHtml.php(1414): RegistrationForm->isAttributeRequired()
#5 C:\xampp\htdocs\yii\framework\web\widgets\CActiveForm.php(597): activeLabelEx()
#6 C:\xampp\htdocs\sparelog\protected\views\office\register.php(21): CActiveForm->labelEx()
#7 C:\xampp\htdocs\yii\framework\web\CBaseController.php(126): require()
#8 C:\xampp\htdocs\yii\framework\web\CBaseController.php(95): OfficeController->renderInternal()
#9 C:\xampp\htdocs\yii\framework\web\CController.php(869): OfficeController->renderFile()
#10 C:\xampp\htdocs\yii\framework\web\CController.php(782): OfficeController->renderPartial()
#11 C:\xampp\htdocs\sparelog\protected\controllers\OfficeController.php(114): OfficeController->render()
#12 C:\xampp\htdocs\yii\framework\web\actions\CInlineAction.php(49): OfficeController->actionRegister()
#13 C:\xampp\htdocs\yii\framework\web\CController.php(308): CInlineAction->runWithParams()
#14 C:\xampp\htdocs\yii\framework\web\filters\CFilterChain.php(133): OfficeController->runAction()
#15 C:\xampp\htdocs\yii\framework\web\filters\CFilter.php(40): CFilterChain->run()
#16 C:\xampp\htdocs\yii\framework\web\CController.php(1145): CAccessControlFilter->filter()
#17 C:\xampp\htdocs\yii\framework\web\filters\CInlineFilter.php(58): OfficeController->filterAccessControl()
#18 C:\xampp\htdocs\yii\framework\web\filters\CFilterChain.php(130): CInlineFilter->filter()
#19 C:\xampp\htdocs\yii\framework\web\CController.php(291): CFilterChain->run()
#20 C:\xampp\htdocs\yii\framework\web\CController.php(265): OfficeController->runActionWithFilters()
#21 C:\xampp\htdocs\yii\framework\web\CWebApplication.php(282): OfficeController->run()
#22 C:\xampp\htdocs\yii\framework\web\CWebApplication.php(141): CWebApplication->runController()
#23 C:\xampp\htdocs\yii\framework\base\CApplication.php(180): CWebApplication->processRequest()
#24 C:\xampp\htdocs\sparelog\index.php(13): CWebApplication->run()
REQUEST_URI=/sparelog/index.php?r=office/register
in C:\xampp\htdocs\sparelog\protected\views\office\register.php (21)
in C:\xampp\htdocs\sparelog\protected\controllers\OfficeController.php (114)
in C:\xampp\htdocs\sparelog\index.php (13)
2016/06/23 05:51:16 [error] [php] include(name.php): failed to open stream: No such file or directory (C:\xampp\htdocs\yii\framework\YiiBase.php:427)
Stack trace:
#0 C:\xampp\htdocs\yii\framework\validators\CValidator.php(186): import()
#1 C:\xampp\htdocs\yii\framework\base\CModel.php(287): createValidator()
#2 C:\xampp\htdocs\yii\framework\base\CModel.php(260): RegistrationForm->createValidators()
#3 C:\xampp\htdocs\yii\framework\base\CModel.php(304): RegistrationForm->getValidators()
#4 C:\xampp\htdocs\yii\framework\web\helpers\CHtml.php(1414): RegistrationForm->isAttributeRequired()
#5 C:\xampp\htdocs\yii\framework\web\widgets\CActiveForm.php(597): activeLabelEx()
#6 C:\xampp\htdocs\sparelog\protected\views\office\register.php(21): CActiveForm->labelEx()
#7 C:\xampp\htdocs\yii\framework\web\CBaseController.php(126): require()
#8 C:\xampp\htdocs\yii\framework\web\CBaseController.php(95): OfficeController->renderInternal()
#9 C:\xampp\htdocs\yii\framework\web\CController.php(869): OfficeController->renderFile()
#10 C:\xampp\htdocs\yii\framework\web\CController.php(782): OfficeController->renderPartial()
#11 C:\xampp\htdocs\sparelog\protected\controllers\OfficeController.php(114): OfficeController->render()
#12 C:\xampp\htdocs\yii\framework\web\actions\CInlineAction.php(49): OfficeController->actionRegister()
#13 C:\xampp\htdocs\yii\framework\web\CController.php(308): CInlineAction->runWithParams()
#14 C:\xampp\htdocs\yii\framework\web\filters\CFilterChain.php(133): OfficeController->runAction()
#15 C:\xampp\htdocs\yii\framework\web\filters\CFilter.php(40): CFilterChain->run()
#16 C:\xampp\htdocs\yii\framework\web\CController.php(1145): CAccessControlFilter->filter()
#17 C:\xampp\htdocs\yii\framework\web\filters\CInlineFilter.php(58): OfficeController->filterAccessControl()
#18 C:\xampp\htdocs\yii\framework\web\filters\CFilterChain.php(130): CInlineFilter->filter()
#19 C:\xampp\htdocs\yii\framework\web\CController.php(291): CFilterChain->run()
#20 C:\xampp\htdocs\yii\framework\web\CController.php(265): OfficeController->runActionWithFilters()
#21 C:\xampp\htdocs\yii\framework\web\CWebApplication.php(282): OfficeController->run()
#22 C:\xampp\htdocs\yii\framework\web\CWebApplication.php(141): CWebApplication->runController()
#23 C:\xampp\htdocs\yii\framework\base\CApplication.php(180): CWebApplication->processRequest()
#24 C:\xampp\htdocs\sparelog\index.php(13): CWebApplication->run()
REQUEST_URI=/sparelog/index.php?r=office/register
in C:\xampp\htdocs\sparelog\protected\views\office\register.php (21)
in C:\xampp\htdocs\sparelog\protected\controllers\OfficeController.php (114)
in C:\xampp\htdocs\sparelog\index.php (13)
2016/06/23 05:54:18 [warning] [application] Failed to set unsafe attribute "username" of "office".
in C:\xampp\htdocs\sparelog\protected\controllers\OfficeController.php (95)
in C:\xampp\htdocs\sparelog\index.php (13)
2016/06/23 05:54:18 [warning] [application] Failed to set unsafe attribute "password" of "office".
in C:\xampp\htdocs\sparelog\protected\controllers\OfficeController.php (95)
in C:\xampp\htdocs\sparelog\index.php (13)
2016/06/23 05:54:18 [warning] [application] Failed to set unsafe attribute "repassword" of "office".
in C:\xampp\htdocs\sparelog\protected\controllers\OfficeController.php (95)
in C:\xampp\htdocs\sparelog\index.php (13)
2016/06/23 05:56:06 [warning] [application] Failed to set unsafe attribute "username" of "office".
in C:\xampp\htdocs\sparelog\protected\controllers\OfficeController.php (95)
in C:\xampp\htdocs\sparelog\index.php (13)
2016/06/23 05:56:06 [warning] [application] Failed to set unsafe attribute "password" of "office".
in C:\xampp\htdocs\sparelog\protected\controllers\OfficeController.php (95)
in C:\xampp\htdocs\sparelog\index.php (13)
2016/06/23 05:56:06 [warning] [application] Failed to set unsafe attribute "repassword" of "office".
in C:\xampp\htdocs\sparelog\protected\controllers\OfficeController.php (95)
in C:\xampp\htdocs\sparelog\index.php (13)
2016/06/23 06:01:43 [warning] [application] Failed to set unsafe attribute "username" of "office".
in C:\xampp\htdocs\sparelog\protected\controllers\OfficeController.php (95)
in C:\xampp\htdocs\sparelog\index.php (13)
2016/06/23 06:01:43 [warning] [application] Failed to set unsafe attribute "password" of "office".
in C:\xampp\htdocs\sparelog\protected\controllers\OfficeController.php (95)
in C:\xampp\htdocs\sparelog\index.php (13)
2016/06/23 06:01:43 [warning] [application] Failed to set unsafe attribute "repassword" of "office".
in C:\xampp\htdocs\sparelog\protected\controllers\OfficeController.php (95)
in C:\xampp\htdocs\sparelog\index.php (13)
2016/06/23 06:04:34 [warning] [application] Failed to set unsafe attribute "username" of "office".
in C:\xampp\htdocs\sparelog\protected\controllers\OfficeController.php (95)
in C:\xampp\htdocs\sparelog\index.php (13)
2016/06/23 06:04:34 [warning] [application] Failed to set unsafe attribute "password" of "office".
in C:\xampp\htdocs\sparelog\protected\controllers\OfficeController.php (95)
in C:\xampp\htdocs\sparelog\index.php (13)
2016/06/23 06:04:34 [warning] [application] Failed to set unsafe attribute "repassword" of "office".
in C:\xampp\htdocs\sparelog\protected\controllers\OfficeController.php (95)
in C:\xampp\htdocs\sparelog\index.php (13)
